<?xml version="1.0" encoding="UTF-8"?>
<!-- Generated by org.testng.reporters.JUnitXMLReporter -->
<testsuite hostname="DESKTOP-V1TVAK6" name="Default test" tests="4" failures="0" timestamp="14 Sep 2023 13:47:03 GMT" time="201.68" errors="0">
  <testcase name="test1" time="17.399" classname="org.reg.FlipReg"/>
  <testcase name="test2" time="20.065" classname="org.reg.FlipReg"/>
  <testcase name="test3" time="3.546" classname="org.reg.FlipReg"/>
  <testcase name="test5" time="2.069" classname="org.reg.FlipReg"/>
</testsuite> <!-- Default test -->
