<?xml version="1.0" encoding="UTF-8"?>
<testng-results skipped="0" failed="0" total="4" passed="4">
  <reporter-output>
  </reporter-output>
  <suite name="Default suite" duration-ms="201680" started-at="2023-09-14T13:43:41Z" finished-at="2023-09-14T13:47:03Z">
    <groups>
    </groups>
    <test name="Default test" duration-ms="201680" started-at="2023-09-14T13:43:41Z" finished-at="2023-09-14T13:47:03Z">
      <class name="org.reg.FlipReg">
        <test-method status="PASS" signature="beforeclass()[pri:0, instance:org.reg.FlipReg@79b4d0f]" name="beforeclass" is-config="true" duration-ms="142806" started-at="2023-09-14T19:13:41Z" finished-at="2023-09-14T19:16:04Z">
          <reporter-output>
          </reporter-output>
        </test-method> <!-- beforeclass -->
        <test-method status="PASS" signature="beforemethod()[pri:0, instance:org.reg.FlipReg@79b4d0f]" name="beforemethod" is-config="true" duration-ms="1273" started-at="2023-09-14T19:16:04Z" finished-at="2023-09-14T19:16:05Z">
          <reporter-output>
          </reporter-output>
        </test-method> <!-- beforemethod -->
        <test-method status="PASS" signature="test1()[pri:0, instance:org.reg.FlipReg@79b4d0f]" name="test1" duration-ms="17399" started-at="2023-09-14T19:16:05Z" finished-at="2023-09-14T19:16:22Z">
          <reporter-output>
          </reporter-output>
        </test-method> <!-- test1 -->
        <test-method status="PASS" signature="test2()[pri:0, instance:org.reg.FlipReg@79b4d0f]" name="test2" duration-ms="20065" started-at="2023-09-14T19:16:23Z" finished-at="2023-09-14T19:16:43Z">
          <reporter-output>
          </reporter-output>
        </test-method> <!-- test2 -->
        <test-method status="PASS" signature="beforemethod()[pri:0, instance:org.reg.FlipReg@79b4d0f]" name="beforemethod" is-config="true" duration-ms="0" started-at="2023-09-14T19:16:23Z" finished-at="2023-09-14T19:16:23Z">
          <reporter-output>
          </reporter-output>
        </test-method> <!-- beforemethod -->
        <test-method status="PASS" signature="beforemethod()[pri:0, instance:org.reg.FlipReg@79b4d0f]" name="beforemethod" is-config="true" duration-ms="0" started-at="2023-09-14T19:16:43Z" finished-at="2023-09-14T19:16:43Z">
          <reporter-output>
          </reporter-output>
        </test-method> <!-- beforemethod -->
        <test-method status="PASS" signature="test3()[pri:0, instance:org.reg.FlipReg@79b4d0f]" name="test3" duration-ms="3546" started-at="2023-09-14T19:16:43Z" finished-at="2023-09-14T19:16:46Z">
          <reporter-output>
          </reporter-output>
        </test-method> <!-- test3 -->
        <test-method status="PASS" signature="beforemethod()[pri:0, instance:org.reg.FlipReg@79b4d0f]" name="beforemethod" is-config="true" duration-ms="0" started-at="2023-09-14T19:16:46Z" finished-at="2023-09-14T19:16:46Z">
          <reporter-output>
          </reporter-output>
        </test-method> <!-- beforemethod -->
        <test-method status="PASS" signature="test5()[pri:0, instance:org.reg.FlipReg@79b4d0f]" name="test5" duration-ms="2069" started-at="2023-09-14T19:16:46Z" finished-at="2023-09-14T19:16:48Z">
          <reporter-output>
          </reporter-output>
        </test-method> <!-- test5 -->
        <test-method status="PASS" signature="afterclass()[pri:0, instance:org.reg.FlipReg@79b4d0f]" name="afterclass" is-config="true" duration-ms="14445" started-at="2023-09-14T19:16:48Z" finished-at="2023-09-14T19:17:03Z">
          <reporter-output>
          </reporter-output>
        </test-method> <!-- afterclass -->
      </class> <!-- org.reg.FlipReg -->
    </test> <!-- Default test -->
  </suite> <!-- Default suite -->
</testng-results>
